\BOOKMARK [0][-]{chapter*.1}{\376\377\144\130\211\201}{}% 1
\BOOKMARK [0][-]{chapter*.2}{\376\377\000A\000b\000s\000t\000r\000a\000c\000t}{}% 2
\BOOKMARK [0][-]{chapter*.4}{\376\377\210\150\150\074\166\356\137\125}{}% 3
\BOOKMARK [0][-]{chapter*.5}{\376\377\143\322\126\376\166\356\137\125}{}% 4
\BOOKMARK [0][-]{chapter*.6}{\376\377\116\073\211\201\173\046\123\367\133\371\161\147\210\150}{}% 5
\BOOKMARK [0][-]{chapter*.8}{\376\377\202\361\145\207\177\051\165\145\213\315}{}% 6
\BOOKMARK [0][-]{chapter.1}{\376\377\0001\000\040\176\352\213\272}{}% 7
\BOOKMARK [1][-]{section.1.1}{\376\377\0001\000.\0001\000\040\170\024\172\166\141\017\116\111}{chapter.1}% 8
\BOOKMARK [1][-]{section.1.2}{\376\377\0001\000.\0002\000\040\147\054\145\207\166\204\215\041\163\056}{chapter.1}% 9
\BOOKMARK [0][-]{chapter.2}{\376\377\0002\000\040\000L\000a\000T\000e\000X\116\016\000L\000y\000x\143\222\162\110\173\200\116\313}{}% 10
\BOOKMARK [1][-]{section.2.1}{\376\377\0002\000.\0001\000\040\000T\000e\000X\000/\000L\000a\000T\000e\000X\151\202\211\201}{chapter.2}% 11
\BOOKMARK [2][-]{subsection.2.1.1}{\376\377\0002\000.\0001\000.\0001\000\040\121\163\116\216\000L\000a\000T\000e\000X\133\217\123\005\166\204\213\276\213\241}{section.2.1}% 12
\BOOKMARK [1][-]{section.2.2}{\376\377\0002\000.\0002\000\040\000L\000y\000x\135\345\121\167\173\200\116\313}{chapter.2}% 13
\BOOKMARK [1][-]{section.2.3}{\376\377\0002\000.\0003\000\040\000X\000e\000L\000a\000T\000e\000X\137\025\144\316\173\200\116\313}{chapter.2}% 14
\BOOKMARK [2][-]{subsection.2.3.1}{\376\377\0002\000.\0003\000.\0001\000\040\121\163\116\216\133\127\117\123\166\204\213\276\177\156}{section.2.3}% 15
\BOOKMARK [2][-]{subsection.2.3.2}{\376\377\0002\000.\0003\000.\0002\000\040\000T\000e\000x\000m\000a\000k\000e\000r\116\055\214\003\165\050\000X\000e\000L\000a\000T\000e\000X}{section.2.3}% 16
\BOOKMARK [2][-]{subsection.2.3.3}{\376\377\0002\000.\0003\000.\0003\000\040\000L\000y\000x\116\055\214\003\165\050\000X\000e\000L\000a\000T\000e\000X}{section.2.3}% 17
\BOOKMARK [0][-]{chapter.3}{\376\377\0003\000\040\123\132\130\353\213\272\145\207\152\041\147\177\213\276\213\241}{}% 18
\BOOKMARK [1][-]{section.3.1}{\376\377\0003\000.\0001\000\040\000L\000y\000x\000+\000X\000e\000L\000a\000T\000e\000X\000+\000L\000a\000T\000e\000X\176\304\124\010\145\271\137\017}{chapter.3}% 19
\BOOKMARK [1][-]{section.3.2}{\376\377\0003\000.\0002\000\040\123\116\123\127\164\006\135\345\131\047\133\146\123\132\130\353\213\272\145\207\143\222\162\110\213\276\213\241}{chapter.3}% 20
\BOOKMARK [1][-]{section.3.3}{\376\377\0003\000.\0003\000\040\000L\000a\000T\000e\000x\152\041\147\177\213\276\213\241}{chapter.3}% 21
\BOOKMARK [1][-]{section.3.4}{\376\377\0003\000.\0004\000\040\000L\000y\000x\152\041\147\177\213\276\213\241}{chapter.3}% 22
\BOOKMARK [1][-]{section.3.5}{\376\377\0003\000.\0005\000\040\140\073\117\123\213\276\213\241\150\106\147\266}{chapter.3}% 23
\BOOKMARK [0][-]{chapter.4}{\376\377\0004\000\040\123\132\130\353\213\272\145\207\152\041\147\177\166\204\117\177\165\050}{}% 24
\BOOKMARK [1][-]{section.4.1}{\376\377\0004\000.\0001\000\040\117\177\165\050\116\113\122\115}{chapter.4}% 25
\BOOKMARK [1][-]{section.4.2}{\376\377\0004\000.\0002\000\040\000L\000a\000t\000e\000x\152\041\147\177\117\177\165\050}{chapter.4}% 26
\BOOKMARK [2][-]{subsection.4.2.1}{\376\377\0004\000.\0002\000.\0001\000\040\152\041\162\110\117\177\165\050\150\106\147\266\000\040}{section.4.2}% 27
\BOOKMARK [2][-]{subsection.4.2.2}{\376\377\0004\000.\0002\000.\0002\000\040\145\260\136\372\172\340\202\202}{section.4.2}% 28
\BOOKMARK [2][-]{subsection.4.2.3}{\376\377\0004\000.\0002\000.\0003\000\040\143\322\121\145\126\376\162\107}{section.4.2}% 29
\BOOKMARK [2][-]{subsection.4.2.4}{\376\377\0004\000.\0002\000.\0004\000\040\143\322\121\145\210\150\150\074}{section.4.2}% 30
\BOOKMARK [2][-]{subsection.4.2.5}{\376\377\0004\000.\0002\000.\0005\000\040\121\154\137\017\116\016\133\232\164\006}{section.4.2}% 31
\BOOKMARK [2][-]{subsection.4.2.6}{\376\377\0004\000.\0002\000.\0006\000\040\123\302\200\003\145\207\163\056}{section.4.2}% 32
\BOOKMARK [2][-]{subsection.4.2.7}{\376\377\0004\000.\0002\000.\0007\000\040\116\244\123\311\137\025\165\050}{section.4.2}% 33
\BOOKMARK [1][-]{section.4.3}{\376\377\0004\000.\0003\000\040\000L\000y\000x\152\041\147\177\117\177\165\050}{chapter.4}% 34
\BOOKMARK [2][-]{subsection.4.3.1}{\376\377\0004\000.\0003\000.\0001\000\040\121\163\116\216\000L\000y\000x\0002\000.\0000\166\204\145\057\143\001}{section.4.3}% 35
\BOOKMARK [0][-]{chapter.5}{\376\377\0005\000\040\176\323\213\272}{}% 36
\BOOKMARK [0][-]{appendix*.14}{\376\377\226\104\137\125}{}% 37
\BOOKMARK [1][-]{section.E.1}{\376\377\226\104\137\125\0001\000\040\000U\000b\000u\000n\000t\000u\000\040\000L\000i\000n\000u\000x\174\373\176\337\116\013\116\055\145\207\133\127\117\123\166\204\133\211\210\305}{appendix*.14}% 38
\BOOKMARK [1][-]{section.E.2}{\376\377\226\104\137\125\0002\000\040\000T\000e\000x\000l\000i\000v\000e\166\204\133\211\210\305}{appendix*.14}% 39
\BOOKMARK [0][-]{appendix*.17}{\376\377\145\073\213\373\123\132\130\353\133\146\117\115\147\037\225\364\123\326\137\227\166\204\170\024\172\166\142\020\147\234}{}% 40
\BOOKMARK [0][-]{appendix*.18}{\376\377\201\364\214\042}{}% 41
